<?xml version="1.0" encoding="UTF-8"?>
<!-- Generated by org.testng.reporters.JUnitReportReporter -->
<testsuite hostname="DESKTOP-27PLT8U" failures="0" tests="9" name="All_methods.NewTest" time="62.486" errors="0" timestamp="2019-12-17T10:59:20 PKT" skipped="0">
  <testcase classname="All_methods.NewTest" name="setupTest" time="13.098"/>
  <testcase classname="All_methods.NewTest" name="login" time="7.398"/>
  <testcase classname="All_methods.NewTest" name="Addquicksale" time="14.258"/>
  <testcase classname="All_methods.NewTest" name="SelectinsuranceCompany" time="2.245"/>
  <testcase classname="All_methods.NewTest" name="CustomerInfo" time="7.894"/>
  <testcase classname="All_methods.NewTest" name="Vehicleinfo" time="16.911"/>
  <testcase classname="All_methods.NewTest" name="PremiumDetail" time="0.343"/>
  <testcase classname="All_methods.NewTest" name="uploadfile" time="0.108"/>
  <testcase classname="All_methods.NewTest" name="verification" time="0.231"/>
</testsuite> <!-- All_methods.NewTest -->
