<?xml version="1.0" encoding="UTF-8"?>
<!-- Generated by org.testng.reporters.JUnitReportReporter -->
<testsuite hostname="DESKTOP-27PLT8U" failures="0" tests="1" name="example.NewTest" time="9.158" errors="0" timestamp="2019-12-17T10:45:45 PKT" skipped="0">
  <testcase classname="example.NewTest" name="testEasy" time="9.158"/>
</testsuite> <!-- example.NewTest -->
