<?xml version="1.0" encoding="UTF-8"?>
<!-- Generated by org.testng.reporters.JUnitReportReporter -->
<testsuite hostname="DESKTOP-27PLT8U" failures="0" tests="1" name="firsttestngpackage.NewTest" time="17.207" errors="0" timestamp="05 Dec 2019 05:14:39 GMT" skipped="0">
  <testcase classname="firsttestngpackage.NewTest" name="verifyHomepageTitle" time="17.207"/>
</testsuite> <!-- firsttestngpackage.NewTest -->
