<?xml version="1.0" encoding="UTF-8"?>
<!-- Generated by org.testng.reporters.JUnitReportReporter -->
<testsuite hostname="DESKTOP-27PLT8U" failures="0" tests="1" name="TestNGpackage.OmanApi" time="9.887" errors="0" timestamp="06 Dec 2019 10:36:55 GMT" skipped="0">
  <testcase classname="TestNGpackage.OmanApi" name="setupTest" time="9.887"/>
</testsuite> <!-- TestNGpackage.OmanApi -->
