<?xml version="1.0" encoding="UTF-8"?>
<!-- Generated by org.testng.reporters.JUnitReportReporter -->
<testsuite hostname="DESKTOP-27PLT8U" failures="0" tests="6" name="Alainmethods.Comprehensive" time="56.701" errors="0" timestamp="2019-12-19T10:19:38 PKT" skipped="0">
  <testcase classname="Alainmethods.Comprehensive" name="setupTest" time="20.475"/>
  <testcase classname="Alainmethods.Comprehensive" name="login" time="5.831"/>
  <testcase classname="Alainmethods.Comprehensive" name="Addquicksale" time="14.995"/>
  <testcase classname="Alainmethods.Comprehensive" name="SelectinsuranceCompany" time="3.542"/>
  <testcase classname="Alainmethods.Comprehensive" name="CustomerInfo" time="3.151"/>
  <testcase classname="Alainmethods.Comprehensive" name="checkpolicy" time="8.707"/>
</testsuite> <!-- Alainmethods.Comprehensive -->
