<?xml version="1.0" encoding="UTF-8"?>
<!-- Generated by org.testng.reporters.JUnitReportReporter -->
<testsuite hostname="DESKTOP-27PLT8U" failures="0" tests="6" name="AlainAhlia.Groupmethods" time="50.055" errors="0" timestamp="2019-12-19T12:23:39 PKT" skipped="0">
  <testcase classname="AlainAhlia.Groupmethods" name="setupTest" time="16.994"/>
  <testcase classname="AlainAhlia.Groupmethods" name="login" time="6.687"/>
  <testcase classname="AlainAhlia.Groupmethods" name="Addquicksale" time="11.367"/>
  <testcase classname="AlainAhlia.Groupmethods" name="SelectinsuranceCompany" time="2.466"/>
  <testcase classname="AlainAhlia.Groupmethods" name="CustomerInfo" time="7.988"/>
  <testcase classname="AlainAhlia.Groupmethods" name="checkpolicy" time="4.553"/>
</testsuite> <!-- AlainAhlia.Groupmethods -->
