<?xml version="1.0" encoding="UTF-8"?>
<!-- Generated by org.testng.reporters.JUnitReportReporter -->
<testsuite hostname="DESKTOP-27PLT8U" failures="0" tests="1" name="example.NewTest" time="9.406" errors="0" timestamp="12 Dec 2019 12:17:35 GMT" skipped="0">
  <testcase classname="example.NewTest" name="testEasy" time="9.406"/>
</testsuite> <!-- example.NewTest -->
